<?xml version="1.0" encoding="UTF-8"?>
<!-- Generated by org.testng.reporters.JUnitXMLReporter -->
<testsuite ignored="0" hostname="IN-PG03525F" failures="1" tests="6" name="Test" time="107.934" errors="0" timestamp="2024-04-30T09:08:22 IST">
  <testcase classname="tests.SortTest" name="Search" time="7.373"/>
  <testcase classname="tests.CartTest" name="AddToCart" time="19.686">
    <failure type="java.lang.AssertionError" message="expected [true] but found [false]">
      <![CDATA[java.lang.AssertionError: expected [true] but found [false]
at tests.CartTest.AddToCart(CartTest.java:87)
at java.base/java.util.ArrayList.forEach(ArrayList.java:1511)
... Removed 31 stack frames]]>
    </failure>
  </testcase> <!-- AddToCart -->
  <testcase classname="tests.LoginTest" name="login" time="3.112"/>
  <testcase classname="tests.LoginTest" name="login" time="11.833"/>
  <testcase classname="tests.SearchTest" name="Search" time="12.908"/>
  <testcase classname="tests.SearchTest" name="Search" time="25.295"/>
</testsuite> <!-- Test -->
