<?xml version="1.0" encoding="UTF-8"?>
<!-- Generated by org.testng.reporters.JUnitXMLReporter -->
<testsuite ignored="0" hostname="IN-PG03525F" failures="1" tests="6" name="Test" time="88.211" errors="0" timestamp="2024-05-02T09:29:48 IST">
  <testcase classname="tests.SortTest" name="Search" time="3.768"/>
  <testcase classname="tests.CartTest" name="AddToCart" time="11.006">
    <failure type="java.lang.AssertionError" message="expected [true] but found [false]">
      <![CDATA[java.lang.AssertionError: expected [true] but found [false]
at tests.CartTest.AddToCart(CartTest.java:87)
at java.base/java.util.ArrayList.forEach(ArrayList.java:1540)
... Removed 35 stack frames]]>
    </failure>
  </testcase> <!-- AddToCart -->
  <testcase classname="tests.LoginTest" name="login" time="2.205"/>
  <testcase classname="tests.LoginTest" name="login" time="11.054"/>
  <testcase classname="tests.SearchTest" name="Search" time="13.279"/>
  <testcase classname="tests.SearchTest" name="Search" time="21.639"/>
</testsuite> <!-- Test -->
