<?xml version="1.0" encoding="UTF-8"?>
<testng-results ignored="0" total="6" passed="5" failed="1" skipped="0">
  <reporter-output>
  </reporter-output>
  <suite started-at="2024-05-02T09:28:19 IST" name="Suite" finished-at="2024-05-02T09:29:47 IST" duration-ms="88211">
    <groups>
    </groups>
    <test started-at="2024-05-02T09:28:19 IST" name="Test" finished-at="2024-05-02T09:29:47 IST" duration-ms="88211">
      <class name="tests.LoginTest">
        <test-method is-config="true" signature="open()[pri:0, instance:tests.LoginTest@535779e4]" started-at="2024-05-02T09:28:46 IST" name="open" finished-at="2024-05-02T09:28:49 IST" duration-ms="3214" status="PASS">
          <reporter-output>
          </reporter-output>
        </test-method> <!-- open -->
        <test-method signature="login(java.lang.String,java.lang.String)[pri:0, instance:tests.LoginTest@535779e4]" started-at="2024-05-02T09:28:49 IST" name="login" data-provider="getLoginData" finished-at="2024-05-02T09:28:52 IST" duration-ms="2205" status="PASS">
          <params>
            <param index="0">
              <value>
                <![CDATA[ishita@gmail.com]]>
              </value>
            </param>
            <param index="1">
              <value>
                <![CDATA[Success]]>
              </value>
            </param>
          </params>
          <reporter-output>
          </reporter-output>
        </test-method> <!-- login -->
        <test-method is-config="true" signature="closure()[pri:0, instance:tests.LoginTest@535779e4]" started-at="2024-05-02T09:28:52 IST" name="closure" finished-at="2024-05-02T09:28:52 IST" duration-ms="159" status="PASS">
          <reporter-output>
          </reporter-output>
        </test-method> <!-- closure -->
        <test-method is-config="true" signature="open()[pri:0, instance:tests.LoginTest@535779e4]" started-at="2024-05-02T09:28:52 IST" name="open" finished-at="2024-05-02T09:28:55 IST" duration-ms="3074" status="PASS">
          <reporter-output>
          </reporter-output>
        </test-method> <!-- open -->
        <test-method signature="login(java.lang.String,java.lang.String)[pri:0, instance:tests.LoginTest@535779e4]" started-at="2024-05-02T09:28:55 IST" name="login" data-provider="getLoginData" finished-at="2024-05-02T09:29:06 IST" duration-ms="11054" status="PASS">
          <params>
            <param index="0">
              <value>
                <![CDATA[ ]]>
              </value>
            </param>
            <param index="1">
              <value>
                <![CDATA[Fail]]>
              </value>
            </param>
          </params>
          <reporter-output>
          </reporter-output>
        </test-method> <!-- login -->
        <test-method is-config="true" signature="closure()[pri:0, instance:tests.LoginTest@535779e4]" started-at="2024-05-02T09:29:06 IST" name="closure" finished-at="2024-05-02T09:29:06 IST" duration-ms="221" status="PASS">
          <reporter-output>
          </reporter-output>
        </test-method> <!-- closure -->
      </class> <!-- tests.LoginTest -->
      <class name="tests.CartTest">
        <test-method is-config="true" signature="open()[pri:0, instance:tests.CartTest@53de625d]" started-at="2024-05-02T09:28:32 IST" name="open" finished-at="2024-05-02T09:28:35 IST" duration-ms="3275" status="PASS">
          <reporter-output>
          </reporter-output>
        </test-method> <!-- open -->
        <test-method signature="AddToCart(java.lang.String)[pri:0, instance:tests.CartTest@53de625d]" started-at="2024-05-02T09:28:35 IST" name="AddToCart" data-provider="getSearchData" finished-at="2024-05-02T09:28:46 IST" duration-ms="11006" status="FAIL">
          <params>
            <param index="0">
              <value>
                <![CDATA[One Plus 11R]]>
              </value>
            </param>
          </params>
          <exception class="java.lang.AssertionError">
            <message>
              <![CDATA[expected [true] but found [false]]]>
            </message>
            <full-stacktrace>
              <![CDATA[java.lang.AssertionError: expected [true] but found [false]
at org.testng.Assert.fail(Assert.java:111)
at org.testng.Assert.failNotEquals(Assert.java:1578)
at org.testng.Assert.assertTrue(Assert.java:57)
at org.testng.Assert.assertTrue(Assert.java:67)
at tests.CartTest.AddToCart(CartTest.java:87)
at java.base/jdk.internal.reflect.NativeMethodAccessorImpl.invoke0(Native Method)
at java.base/jdk.internal.reflect.NativeMethodAccessorImpl.invoke(NativeMethodAccessorImpl.java:62)
at java.base/jdk.internal.reflect.DelegatingMethodAccessorImpl.invoke(DelegatingMethodAccessorImpl.java:43)
at java.base/java.lang.reflect.Method.invoke(Method.java:566)
at org.testng.internal.invokers.MethodInvocationHelper.invokeMethod(MethodInvocationHelper.java:141)
at org.testng.internal.invokers.TestInvoker.invokeMethod(TestInvoker.java:686)
at org.testng.internal.invokers.TestInvoker.invokeTestMethod(TestInvoker.java:230)
at org.testng.internal.invokers.MethodRunner.runInSequence(MethodRunner.java:63)
at org.testng.internal.invokers.TestInvoker$MethodInvocationAgent.invoke(TestInvoker.java:992)
at org.testng.internal.invokers.TestInvoker.invokeTestMethods(TestInvoker.java:203)
at org.testng.internal.invokers.TestMethodWorker.invokeTestMethods(TestMethodWorker.java:154)
at org.testng.internal.invokers.TestMethodWorker.run(TestMethodWorker.java:134)
at java.base/java.util.ArrayList.forEach(ArrayList.java:1540)
at org.testng.TestRunner.privateRun(TestRunner.java:739)
at org.testng.TestRunner.run(TestRunner.java:614)
at org.testng.SuiteRunner.runTest(SuiteRunner.java:421)
at org.testng.SuiteRunner.runSequentially(SuiteRunner.java:413)
at org.testng.SuiteRunner.privateRun(SuiteRunner.java:373)
at org.testng.SuiteRunner.run(SuiteRunner.java:312)
at org.testng.SuiteRunnerWorker.runSuite(SuiteRunnerWorker.java:52)
at org.testng.SuiteRunnerWorker.run(SuiteRunnerWorker.java:95)
at org.testng.TestNG.runSuitesSequentially(TestNG.java:1274)
at org.testng.TestNG.runSuitesLocally(TestNG.java:1208)
at org.testng.TestNG.runSuites(TestNG.java:1112)
at org.testng.TestNG.run(TestNG.java:1079)
at org.apache.maven.surefire.testng.TestNGExecutor.run(TestNGExecutor.java:308)
at org.apache.maven.surefire.testng.TestNGXmlTestSuite.execute(TestNGXmlTestSuite.java:71)
at org.apache.maven.surefire.testng.TestNGProvider.invoke(TestNGProvider.java:113)
at org.apache.maven.surefire.booter.ForkedBooter.runSuitesInProcess(ForkedBooter.java:385)
at org.apache.maven.surefire.booter.ForkedBooter.execute(ForkedBooter.java:162)
at org.apache.maven.surefire.booter.ForkedBooter.run(ForkedBooter.java:507)
at org.apache.maven.surefire.booter.ForkedBooter.main(ForkedBooter.java:495)
]]>
            </full-stacktrace>
          </exception> <!-- java.lang.AssertionError -->
          <reporter-output>
          </reporter-output>
        </test-method> <!-- AddToCart -->
        <test-method is-config="true" signature="closure()[pri:0, instance:tests.CartTest@53de625d]" started-at="2024-05-02T09:28:46 IST" name="closure" finished-at="2024-05-02T09:28:46 IST" duration-ms="83" status="PASS">
          <reporter-output>
          </reporter-output>
        </test-method> <!-- closure -->
      </class> <!-- tests.CartTest -->
      <class name="tests.SortTest">
        <test-method is-config="true" signature="open()[pri:0, instance:tests.SortTest@8c3619e]" started-at="2024-05-02T09:28:19 IST" name="open" finished-at="2024-05-02T09:28:28 IST" duration-ms="8387" status="PASS">
          <reporter-output>
          </reporter-output>
        </test-method> <!-- open -->
        <test-method signature="Search(java.lang.String)[pri:0, instance:tests.SortTest@8c3619e]" started-at="2024-05-02T09:28:28 IST" name="Search" data-provider="getSearchData" finished-at="2024-05-02T09:28:31 IST" duration-ms="3768" status="PASS">
          <params>
            <param index="0">
              <value>
                <![CDATA[Women Tops]]>
              </value>
            </param>
          </params>
          <reporter-output>
          </reporter-output>
        </test-method> <!-- Search -->
        <test-method is-config="true" signature="closure()[pri:0, instance:tests.SortTest@8c3619e]" started-at="2024-05-02T09:28:31 IST" name="closure" finished-at="2024-05-02T09:28:32 IST" duration-ms="174" status="PASS">
          <reporter-output>
          </reporter-output>
        </test-method> <!-- closure -->
      </class> <!-- tests.SortTest -->
      <class name="tests.SearchTest">
        <test-method is-config="true" signature="open()[pri:0, instance:tests.SearchTest@53fd0d10]" started-at="2024-05-02T09:29:06 IST" name="open" finished-at="2024-05-02T09:29:09 IST" duration-ms="3083" status="PASS">
          <reporter-output>
          </reporter-output>
        </test-method> <!-- open -->
        <test-method signature="Search(java.lang.String,java.lang.String)[pri:0, instance:tests.SearchTest@53fd0d10]" started-at="2024-05-02T09:29:09 IST" name="Search" data-provider="getSearchData" finished-at="2024-05-02T09:29:22 IST" duration-ms="13279" status="PASS">
          <params>
            <param index="0">
              <value>
                <![CDATA[One Plus 11R]]>
              </value>
            </param>
            <param index="1">
              <value>
                <![CDATA[Success]]>
              </value>
            </param>
          </params>
          <reporter-output>
          </reporter-output>
        </test-method> <!-- Search -->
        <test-method is-config="true" signature="closure()[pri:0, instance:tests.SearchTest@53fd0d10]" started-at="2024-05-02T09:29:22 IST" name="closure" finished-at="2024-05-02T09:29:23 IST" duration-ms="168" status="PASS">
          <reporter-output>
          </reporter-output>
        </test-method> <!-- closure -->
        <test-method is-config="true" signature="open()[pri:0, instance:tests.SearchTest@53fd0d10]" started-at="2024-05-02T09:29:23 IST" name="open" finished-at="2024-05-02T09:29:26 IST" duration-ms="2966" status="PASS">
          <reporter-output>
          </reporter-output>
        </test-method> <!-- open -->
        <test-method signature="Search(java.lang.String,java.lang.String)[pri:0, instance:tests.SearchTest@53fd0d10]" started-at="2024-05-02T09:29:26 IST" name="Search" data-provider="getSearchData" finished-at="2024-05-02T09:29:47 IST" duration-ms="21639" status="PASS">
          <params>
            <param index="0">
              <value>
                <![CDATA[ ]]>
              </value>
            </param>
            <param index="1">
              <value>
                <![CDATA[Fail]]>
              </value>
            </param>
          </params>
          <reporter-output>
          </reporter-output>
        </test-method> <!-- Search -->
        <test-method is-config="true" signature="closure()[pri:0, instance:tests.SearchTest@53fd0d10]" started-at="2024-05-02T09:29:47 IST" name="closure" finished-at="2024-05-02T09:29:47 IST" duration-ms="146" status="PASS">
          <reporter-output>
          </reporter-output>
        </test-method> <!-- closure -->
      </class> <!-- tests.SearchTest -->
    </test> <!-- Test -->
  </suite> <!-- Suite -->
</testng-results>
