<?xml version="1.0" encoding="UTF-8"?>
<testng-results ignored="0" total="6" passed="5" failed="1" skipped="0">
  <reporter-output>
  </reporter-output>
  <suite started-at="2024-04-30T09:06:34 IST" name="Suite" finished-at="2024-04-30T09:08:22 IST" duration-ms="107934">
    <groups>
    </groups>
    <test started-at="2024-04-30T09:06:34 IST" name="Test" finished-at="2024-04-30T09:08:22 IST" duration-ms="107934">
      <class name="tests.LoginTest">
        <test-method is-config="true" signature="open()[pri:0, instance:tests.LoginTest@5dcb4f5f]" started-at="2024-04-30T09:07:11 IST" name="open" finished-at="2024-04-30T09:07:16 IST" duration-ms="5087" status="PASS">
          <reporter-output>
          </reporter-output>
        </test-method> <!-- open -->
        <test-method signature="login(java.lang.String,java.lang.String)[pri:0, instance:tests.LoginTest@5dcb4f5f]" started-at="2024-04-30T09:07:16 IST" name="login" data-provider="getLoginData" finished-at="2024-04-30T09:07:19 IST" duration-ms="3112" status="PASS">
          <params>
            <param index="0">
              <value>
                <![CDATA[ishita@gmail.com]]>
              </value>
            </param>
            <param index="1">
              <value>
                <![CDATA[Success]]>
              </value>
            </param>
          </params>
          <reporter-output>
          </reporter-output>
        </test-method> <!-- login -->
        <test-method is-config="true" signature="closure()[pri:0, instance:tests.LoginTest@5dcb4f5f]" started-at="2024-04-30T09:07:19 IST" name="closure" finished-at="2024-04-30T09:07:19 IST" duration-ms="143" status="PASS">
          <reporter-output>
          </reporter-output>
        </test-method> <!-- closure -->
        <test-method is-config="true" signature="open()[pri:0, instance:tests.LoginTest@5dcb4f5f]" started-at="2024-04-30T09:07:19 IST" name="open" finished-at="2024-04-30T09:07:24 IST" duration-ms="5100" status="PASS">
          <reporter-output>
          </reporter-output>
        </test-method> <!-- open -->
        <test-method signature="login(java.lang.String,java.lang.String)[pri:0, instance:tests.LoginTest@5dcb4f5f]" started-at="2024-04-30T09:07:24 IST" name="login" data-provider="getLoginData" finished-at="2024-04-30T09:07:36 IST" duration-ms="11833" status="PASS">
          <params>
            <param index="0">
              <value>
                <![CDATA[ ]]>
              </value>
            </param>
            <param index="1">
              <value>
                <![CDATA[Fail]]>
              </value>
            </param>
          </params>
          <reporter-output>
          </reporter-output>
        </test-method> <!-- login -->
        <test-method is-config="true" signature="closure()[pri:0, instance:tests.LoginTest@5dcb4f5f]" started-at="2024-04-30T09:07:36 IST" name="closure" finished-at="2024-04-30T09:07:36 IST" duration-ms="172" status="PASS">
          <reporter-output>
          </reporter-output>
        </test-method> <!-- closure -->
      </class> <!-- tests.LoginTest -->
      <class name="tests.CartTest">
        <test-method is-config="true" signature="open()[pri:0, instance:tests.CartTest@1fde5d22]" started-at="2024-04-30T09:06:47 IST" name="open" finished-at="2024-04-30T09:06:51 IST" duration-ms="3446" status="PASS">
          <reporter-output>
          </reporter-output>
        </test-method> <!-- open -->
        <test-method signature="AddToCart(java.lang.String)[pri:0, instance:tests.CartTest@1fde5d22]" started-at="2024-04-30T09:06:51 IST" name="AddToCart" data-provider="getSearchData" finished-at="2024-04-30T09:07:10 IST" duration-ms="19686" status="FAIL">
          <params>
            <param index="0">
              <value>
                <![CDATA[One Plus 11R]]>
              </value>
            </param>
          </params>
          <exception class="java.lang.AssertionError">
            <message>
              <![CDATA[expected [true] but found [false]]]>
            </message>
            <full-stacktrace>
              <![CDATA[java.lang.AssertionError: expected [true] but found [false]
at org.testng.Assert.fail(Assert.java:99)
at org.testng.Assert.failNotEquals(Assert.java:1037)
at org.testng.Assert.assertTrue(Assert.java:45)
at org.testng.Assert.assertTrue(Assert.java:55)
at tests.CartTest.AddToCart(CartTest.java:87)
at java.base/jdk.internal.reflect.NativeMethodAccessorImpl.invoke0(Native Method)
at java.base/jdk.internal.reflect.NativeMethodAccessorImpl.invoke(NativeMethodAccessorImpl.java:77)
at java.base/jdk.internal.reflect.DelegatingMethodAccessorImpl.invoke(DelegatingMethodAccessorImpl.java:43)
at java.base/java.lang.reflect.Method.invoke(Method.java:568)
at org.testng.internal.MethodInvocationHelper.invokeMethod(MethodInvocationHelper.java:133)
at org.testng.internal.TestInvoker.invokeMethod(TestInvoker.java:598)
at org.testng.internal.TestInvoker.invokeTestMethod(TestInvoker.java:173)
at org.testng.internal.MethodRunner.runInSequence(MethodRunner.java:46)
at org.testng.internal.TestInvoker$MethodInvocationAgent.invoke(TestInvoker.java:824)
at org.testng.internal.TestInvoker.invokeTestMethods(TestInvoker.java:146)
at org.testng.internal.TestMethodWorker.invokeTestMethods(TestMethodWorker.java:146)
at org.testng.internal.TestMethodWorker.run(TestMethodWorker.java:128)
at java.base/java.util.ArrayList.forEach(ArrayList.java:1511)
at org.testng.TestRunner.privateRun(TestRunner.java:794)
at org.testng.TestRunner.run(TestRunner.java:596)
at org.testng.SuiteRunner.runTest(SuiteRunner.java:377)
at org.testng.SuiteRunner.runSequentially(SuiteRunner.java:371)
at org.testng.SuiteRunner.privateRun(SuiteRunner.java:332)
at org.testng.SuiteRunner.run(SuiteRunner.java:276)
at org.testng.SuiteRunnerWorker.runSuite(SuiteRunnerWorker.java:53)
at org.testng.SuiteRunnerWorker.run(SuiteRunnerWorker.java:96)
at org.testng.TestNG.runSuitesSequentially(TestNG.java:1212)
at org.testng.TestNG.runSuitesLocally(TestNG.java:1134)
at org.testng.TestNG.runSuites(TestNG.java:1063)
at org.testng.TestNG.run(TestNG.java:1031)
at org.testng.remote.AbstractRemoteTestNG.run(AbstractRemoteTestNG.java:115)
at org.testng.remote.RemoteTestNG.initAndRun(RemoteTestNG.java:293)
at org.testng.remote.RemoteTestNG.main(RemoteTestNG.java:91)
]]>
            </full-stacktrace>
          </exception> <!-- java.lang.AssertionError -->
          <reporter-output>
          </reporter-output>
        </test-method> <!-- AddToCart -->
        <test-method is-config="true" signature="closure()[pri:0, instance:tests.CartTest@1fde5d22]" started-at="2024-04-30T09:07:11 IST" name="closure" finished-at="2024-04-30T09:07:11 IST" duration-ms="95" status="PASS">
          <reporter-output>
          </reporter-output>
        </test-method> <!-- closure -->
      </class> <!-- tests.CartTest -->
      <class name="tests.SortTest">
        <test-method is-config="true" signature="open()[pri:0, instance:tests.SortTest@6b88ca8c]" started-at="2024-04-30T09:06:34 IST" name="open" finished-at="2024-04-30T09:06:39 IST" duration-ms="5076" status="PASS">
          <reporter-output>
          </reporter-output>
        </test-method> <!-- open -->
        <test-method signature="Search(java.lang.String)[pri:0, instance:tests.SortTest@6b88ca8c]" started-at="2024-04-30T09:06:39 IST" name="Search" data-provider="getSearchData" finished-at="2024-04-30T09:06:47 IST" duration-ms="7373" status="PASS">
          <params>
            <param index="0">
              <value>
                <![CDATA[Women Tops]]>
              </value>
            </param>
          </params>
          <reporter-output>
          </reporter-output>
        </test-method> <!-- Search -->
        <test-method is-config="true" signature="closure()[pri:0, instance:tests.SortTest@6b88ca8c]" started-at="2024-04-30T09:06:47 IST" name="closure" finished-at="2024-04-30T09:06:47 IST" duration-ms="285" status="PASS">
          <reporter-output>
          </reporter-output>
        </test-method> <!-- closure -->
      </class> <!-- tests.SortTest -->
      <class name="tests.SearchTest">
        <test-method is-config="true" signature="open()[pri:0, instance:tests.SearchTest@71812481]" started-at="2024-04-30T09:07:36 IST" name="open" finished-at="2024-04-30T09:07:41 IST" duration-ms="4622" status="PASS">
          <reporter-output>
          </reporter-output>
        </test-method> <!-- open -->
        <test-method signature="Search(java.lang.String,java.lang.String)[pri:0, instance:tests.SearchTest@71812481]" started-at="2024-04-30T09:07:41 IST" name="Search" data-provider="getSearchData" finished-at="2024-04-30T09:07:54 IST" duration-ms="12908" status="PASS">
          <params>
            <param index="0">
              <value>
                <![CDATA[One Plus 11R]]>
              </value>
            </param>
            <param index="1">
              <value>
                <![CDATA[Success]]>
              </value>
            </param>
          </params>
          <reporter-output>
          </reporter-output>
        </test-method> <!-- Search -->
        <test-method is-config="true" signature="closure()[pri:0, instance:tests.SearchTest@71812481]" started-at="2024-04-30T09:07:54 IST" name="closure" finished-at="2024-04-30T09:07:54 IST" duration-ms="211" status="PASS">
          <reporter-output>
          </reporter-output>
        </test-method> <!-- closure -->
        <test-method is-config="true" signature="open()[pri:0, instance:tests.SearchTest@71812481]" started-at="2024-04-30T09:07:54 IST" name="open" finished-at="2024-04-30T09:07:57 IST" duration-ms="2943" status="PASS">
          <reporter-output>
          </reporter-output>
        </test-method> <!-- open -->
        <test-method signature="Search(java.lang.String,java.lang.String)[pri:0, instance:tests.SearchTest@71812481]" started-at="2024-04-30T09:07:57 IST" name="Search" data-provider="getSearchData" finished-at="2024-04-30T09:08:22 IST" duration-ms="25295" status="PASS">
          <params>
            <param index="0">
              <value>
                <![CDATA[ ]]>
              </value>
            </param>
            <param index="1">
              <value>
                <![CDATA[Fail]]>
              </value>
            </param>
          </params>
          <reporter-output>
          </reporter-output>
        </test-method> <!-- Search -->
        <test-method is-config="true" signature="closure()[pri:0, instance:tests.SearchTest@71812481]" started-at="2024-04-30T09:08:22 IST" name="closure" finished-at="2024-04-30T09:08:22 IST" duration-ms="135" status="PASS">
          <reporter-output>
          </reporter-output>
        </test-method> <!-- closure -->
      </class> <!-- tests.SearchTest -->
    </test> <!-- Test -->
  </suite> <!-- Suite -->
</testng-results>
